<?xml version="1.0" encoding="UTF-8"?>
<!-- Generated by org.testng.reporters.JUnitReportReporter -->
<testsuite hostname="MWDH-Work2" failures="0" tests="1" name="ass6ApplyingSelfaxesmethod.ChromWebDriverSelf" time="0.203" errors="0" timestamp="2022-07-31T02:27:33 AST" skipped="0">
  <testcase classname="ass6ApplyingSelfaxesmethod.ChromWebDriverSelf" name="LearnEnglishWebSite" time="0.203"/>
  <system-out/>
</testsuite> <!-- ass6ApplyingSelfaxesmethod.ChromWebDriverSelf -->
